

--------------------------------------- 2018-03-07-11-15-43-471
[ error ] ofShader: setupShaderFromSource(): GL_VERTEX_SHADER shader failed to compile
[ error ] ofShader: GL_VERTEX_SHADER shader reports:
ERROR: 0:4: Invalid storage qualifiers 'in' in global variable context
ERROR: 0:7: Use of undeclared identifier 'position'

[ error ] ofShader: GL_VERTEX_SHADER, offending line 4 :
	    2	
	    3	uniform mat4 modelViewProjectionMatrix;
	    4	in vec4 position;
	    5	
	    6	void main() {

[ error ] ofShader: setupShaderFromSource(): GL_FRAGMENT_SHADER shader failed to compile
[ error ] ofShader: GL_FRAGMENT_SHADER shader reports:
ERROR: 0:10: Invalid storage qualifiers 'out' in global variable context
ERROR: 0:45: Use of undeclared identifier 'outputColor'

[ error ] ofShader: GL_FRAGMENT_SHADER, offending line 10 :
	    8	#define IEULER 0.367879
	    9	
	   10	out vec4 outputColor;
	   11	
	   12	float wave(vec2 uv, vec2 emitter, float speed, float phase, float timeshift){

[ error ] ofShader: checkProgramLinkStatus(): program failed to link
[ error ] ofShader: ofShader: program reports:
ERROR: One or more attached shaders not successfully compiled

