

--------------------------------------- 2018-03-07-11-12-08-428
[ error ] ofShader: setupShaderFromSource(): GL_VERTEX_SHADER shader failed to compile
[ error ] ofShader: GL_VERTEX_SHADER shader reports:
ERROR: 0:1: '' :  version '150' is not supported

[ error ] ofShader: GL_VERTEX_SHADER, offending line 1 :
	    1	#version 150
	    2	
	    3	uniform mat4 modelViewProjectionMatrix;

[ error ] ofShader: setupShaderFromSource(): GL_FRAGMENT_SHADER shader failed to compile
[ error ] ofShader: GL_FRAGMENT_SHADER shader reports:
ERROR: 0:1: '' :  version '150' is not supported

[ error ] ofShader: GL_FRAGMENT_SHADER, offending line 1 :
	    1	#version 150
	    2	
	    3	

[ error ] ofShader: checkProgramLinkStatus(): program failed to link
[ error ] ofShader: ofShader: program reports:
ERROR: One or more attached shaders not successfully compiled

[notice ] [11:12:09] heart rate :93
[notice ] [11:12:11] heart rate :93
[notice ] [11:12:13] heart rate :91
[notice ] [11:12:15] heart rate :92
[notice ] [11:12:17] heart rate :89
[notice ] [11:12:19] heart rate :95
[notice ] [11:12:21] heart rate :91
[notice ] [11:12:23] heart rate :97
[notice ] [11:12:25] heart rate :95
[notice ] [11:12:27] heart rate :94
[notice ] [11:12:29] heart rate :86
[notice ] [11:12:31] heart rate :89
[notice ] [11:12:33] heart rate :89
[notice ] [11:12:35] heart rate :94
