

--------------------------------------- 2018-03-07-11-12-58-043
[ error ] ofShader: setupShaderFromSource(): GL_VERTEX_SHADER shader failed to compile
[ error ] ofShader: GL_VERTEX_SHADER shader reports:
ERROR: 0:1: '' :  version '150' is not supported

[ error ] ofShader: GL_VERTEX_SHADER, offending line 1 :
	    1	#version 150
	    2	
	    3	uniform mat4 modelViewProjectionMatrix;

[ error ] ofShader: setupShaderFromSource(): GL_FRAGMENT_SHADER shader failed to compile
[ error ] ofShader: GL_FRAGMENT_SHADER shader reports:
ERROR: 0:1: '' :  version '150' is not supported

[ error ] ofShader: GL_FRAGMENT_SHADER, offending line 1 :
	    1	#version 150
	    2	
	    3	

[ error ] ofShader: checkProgramLinkStatus(): program failed to link
[ error ] ofShader: ofShader: program reports:
ERROR: One or more attached shaders not successfully compiled

[notice ] [11:13:03] heart rate :92
[notice ] [11:13:05] heart rate :97
[notice ] [11:13:07] heart rate :89
